<?xml version="1.0" encoding="UTF-8"?>
<!-- Generated by org.testng.reporters.JUnitReportReporter -->
<testsuite hostname="RAVI" failures="0" tests="1" name="End_to_End.Section_29.validate_HomeButton" time="20.575" errors="0" timestamp="2020-11-25T16:30:56 IST" skipped="0">
  <testcase classname="End_to_End.Section_29.validate_HomeButton" name="ValidateHomeButton" time="20.575"/>
  <system-out/>
</testsuite> <!-- End_to_End.Section_29.validate_HomeButton -->
