<?xml version="1.0" encoding="UTF-8"?>
<!-- Generated by org.testng.reporters.JUnitReportReporter -->
<testsuite hostname="RAVI" failures="0" tests="2" name="End_to_End.Section_29.Credentials" time="31.661" errors="0" timestamp="2020-11-25T16:30:56 IST" skipped="0">
  <testcase classname="End_to_End.Section_29.Credentials" name="HomePage" time="3.628"/>
  <system-out/>
  <testcase classname="End_to_End.Section_29.Credentials" name="HomePage" time="28.033"/>
  <system-out/>
</testsuite> <!-- End_to_End.Section_29.Credentials -->
